<?xml version="1.0" encoding="UTF-8"?>
<!-- Generated by org.testng.reporters.JUnitReportReporter -->
<testsuite skipped="0" hostname="LAPTOP-4HP7VTJM" name="com.testCases.SignupTest" tests="2" failures="0" timestamp="15 Apr 2020 11:35:31 GMT" time="47.200" errors="0">
  <testcase name="registration" time="18.213" classname="com.testCases.SignupTest"/>
  <testcase name="personalInformation" time="28.987" classname="com.testCases.SignupTest"/>
</testsuite> <!-- com.testCases.SignupTest -->
